2016-03-07 10:35:49,753: Welcome to new µIRC session.
2016-03-07 10:36:09,327: usr_connect("starscream irc.quakenet.org:6667") evaluated.
2016-03-07 10:36:09,380: received: NOTICE AUTH :*** Looking up your hostname from irc.quakenet.org:6667.
2016-03-07 10:36:09,427: received: NOTICE AUTH :*** Checking Ident from irc.quakenet.org:6667.
2016-03-07 10:36:09,427: received: NOTICE AUTH :*** Found your hostname from irc.quakenet.org:6667.
2016-03-07 10:36:09,780: net_auth() is not implemented.
2016-03-07 10:36:09,780: net_auth() is not implemented.
2016-03-07 10:36:10,782: net_auth() is not implemented.
2016-03-07 10:36:18,024: received: NOTICE AUTH :*** No ident response from irc.quakenet.org:6667.
2016-03-07 10:36:18,026: received: :port80c.se.quakenet.org 001 starscream :Welcome to the QuakeNet IRC Network, starscream from irc.quakenet.org:6667.
2016-03-07 10:36:18,026: received: :port80c.se.quakenet.org 002 starscream :Your host is port80c.se.quakenet.org, running version u2.10.12.10+snircd(1.3.4a) from irc.quakenet.org:6667.
2016-03-07 10:36:18,026: received: :port80c.se.quakenet.org 003 starscream :This server was created Wed Apr 23 2014 at 01:59:23 CEST from irc.quakenet.org:6667.
2016-03-07 10:36:18,026: received: :port80c.se.quakenet.org 004 starscream port80c.se.quakenet.org u2.10.12.10+snircd(1.3.4a) dioswkgxRXInP biklmnopstvrDcCNuMT bklov from irc.quakenet.org:6667.
2016-03-07 10:36:18,026: received: :port80c.se.quakenet.org 005 starscream WHOX WALLCHOPS WALLVOICES USERIP CPRIVMSG CNOTICE SILENCE=15 MODES=6 MAXCHANNELS=20 MAXBANS=45 NICKLEN=15 :are supported by this server from irc.quakenet.org:6667.
2016-03-07 10:36:18,026: received: :port80c.se.quakenet.org 005 starscream MAXNICKLEN=15 TOPICLEN=250 AWAYLEN=160 KICKLEN=250 CHANNELLEN=200 MAXCHANNELLEN=200 CHANTYPES=#& PREFIX=(ov)@+ STATUSMSG=@+ CHANMODES=b,k,l,imnpstrDducCNMT CASEMAPPING=rfc1459 NETWORK=QuakeNet :are supported by this server from irc.quakenet.org:6667.
2016-03-07 10:36:18,027: received: :port80c.se.quakenet.org 251 starscream :There are 22 users and 27922 invisible on 46 servers from irc.quakenet.org:6667.
2016-03-07 10:36:18,027: received: :port80c.se.quakenet.org 252 starscream 61 :operator(s) online from irc.quakenet.org:6667.
2016-03-07 10:36:18,027: received: :port80c.se.quakenet.org 253 starscream 1 :unknown connection(s) from irc.quakenet.org:6667.
2016-03-07 10:36:18,027: received: :port80c.se.quakenet.org 254 starscream 30774 :channels formed from irc.quakenet.org:6667.
2016-03-07 10:36:18,027: received: :port80c.se.quakenet.org 255 starscream :I have 3541 clients and 1 servers from irc.quakenet.org:6667.
2016-03-07 10:36:18,027: received: :port80c.se.quakenet.org NOTICE starscream :Highest connection count: 6056 (6055 clients) from irc.quakenet.org:6667.
2016-03-07 10:36:18,027: received: :port80c.se.quakenet.org 375 starscream :- port from irc.quakenet.org:6667.
2016-03-07 10:36:18,027: received: 80c.se.quakenet.org Message of the Day - from irc.quakenet.org:6667.
2016-03-07 10:36:18,027: received: :port80c.se.quakenet.org 372 starscream :- 2015-9-10 13:30 from irc.quakenet.org:6667.
2016-03-07 10:36:18,027: received: :port80c.se.quakenet.org 372 starscream :- ......................................................................... from irc.quakenet.org:6667.
2016-03-07 10:36:18,027: received: :port80c.se.quakenet.org 372 starscream :- ...                                                                   ... from irc.quakenet.org:6667.
2016-03-07 10:36:18,027: received: :port80c.se.quakenet.org 372 starscream :- ...           You are connected to the QuakeNet IRC Network           ... from irc.quakenet.org:6667.
2016-03-07 10:36:18,028: received: :port80c.se.quakenet.org 372 starscream :- ...                     via port80c.se.quakenet.org.                  ... from irc.quakenet.org:6667.
2016-03-07 10:36:18,028: received: :port80c.se.quakenet.org 372 starscream :- ...                                                                   ... from irc.quakenet.org:6667.
2016-03-07 10:36:18,028: received: :port80c.se.quakenet.org 372 starscream :- ...                     port80c.se.quakenet.org                       ... from irc.quakenet.org:6667.
2016-03-07 10:36:18,028: received: :port80c.se.quakenet.org 372 starscream :- ...                                                                   ... from irc.quakenet.org:6667.
2016-03-07 10:36:18,028: received: :port80c.se.quakenet.org 372 starscream :- ...        i t ' s         g o o d         t o         b 0 r k        ... from irc.quakenet.org:6667.
2016-03-07 10:36:18,028: received: :port80c.se.quakenet.org 372 starscream :- ...                                                                   ... from irc.quakenet.org:6667.
2016-03-07 10:36:18,028: received: :port80c.se.quakenet.org 372 starscream :- ...       For information about this server's host please visit       ... from irc.quakenet.org:6667.
2016-03-07 10:36:18,028: received: :port80c.se.quakenet.org 372 starscream :- ...                        the website below:                         ... from irc.quakenet.org:6667.
2016-03-07 10:36:18,028: received: :port80c.se.quakenet.org 372 starscream :- ...                      http://www.ip-only.se/                       ... from irc.quakenet.org:6667.
2016-03-07 10:36:18,028: received: :port80c.se.quakenet.org 372 starscream :- ...                                                                   ... from irc.quakenet.org:6667.
2016-03-07 10:36:18,028: received: :port80c.se.quakenet.org 372 starscream :- ...          For information about this network please visit          ... from irc.quakenet.org:6667.
2016-03-07 10:36:18,028: received: :port80c.se.quakenet.org 372 starscream :- ...                        the website below:                         ... from irc.quakenet.org:6667.
2016-03-07 10:36:18,028: received: :port80c.se.quakenet.org 372 starscream :- ...                     http://www.quakenet.org/                      ... from irc.quakenet.org:6667.
2016-03-07 10:36:18,028: received: :port80c.se.quakenet.org 372 starscream :- ...                                                                   ... from irc.quakenet.org:6667.
2016-03-07 10:36:18,029: received: :port80c.se.quakenet.org 372 starscream :- ...   This server accepts IPv6 connections on the following ports:    ... from irc.quakenet.org:6667.
2016-03-07 10:36:18,029: received: :port80c.se.quakenet.org 372 starscream :- ...                        6667, 6668 & 6669                          ... from irc.quakenet.org:6667.
2016-03-07 10:36:18,029: received: :port80c.se.quakenet.org 372 starscream :- ...                                                                   ... from irc.quakenet.org:6667.
2016-03-07 10:36:18,029: received: :port80c.se.quakenet.org 372 starscream :- ...  By connecting to this network you give us permission to probe    ... from irc.quakenet.org:6667.
2016-03-07 10:36:18,029: received: :port80c.se.quakenet.org 372 starscream :- ... your machine for open proxies/wingates. You also agree to adhere  ... from irc.quakenet.org:6667.
2016-03-07 10:36:18,029: received: :port80c.se.quakenet.org 372 starscream :- ...                      by the following rules:                      ... from irc.quakenet.org:6667.
2016-03-07 10:36:18,029: received: :port80c.se.quakenet.org 372 starscream :- ...                                                                   ... from irc.quakenet.org:6667.
2016-03-07 10:36:18,029: received: :port80c.se.quakenet.org 372 starscream :- ...      o No flooding (including flood/clonebots).                   ... from irc.quakenet.org:6667.
2016-03-07 10:36:18,029: received: :port80c.se.quakenet.org 372 starscream :- ...      o No distribution of copyrighted material or pornography.    ... from irc.quakenet.org:6667.
2016-03-07 10:36:18,029: received: :port80c.se.quakenet.org 372 starscream :- ...      o No multiplayer gaming cheat channels.                      ... from irc.quakenet.org:6667.
2016-03-07 10:36:18,029: received: :port80c.se.quakenet.org 372 starscream :- ...      o No clones. http://www.quakenet.org/faq/faq.php?c=128       ... from irc.quakenet.org:6667.
2016-03-07 10:36:18,029: received: :port80c.se.quakenet.org 372 starscream :- ...      o No channel takeovers.                                      ... from irc.quakenet.org:6667.
2016-03-07 10:36:18,030: received: :port80c.se.quakenet.org 372 starscream :- ...      o No attempts to disrupt network services.                   ... from irc.quakenet.org:6667.
2016-03-07 10:36:18,030: received: :port80c.se.quakenet.org 372 starscream :- ...      o No racism and/or Nazism.                                   ... from irc.quakenet.org:6667.
2016-03-07 10:36:18,030: received: :port80c.se.quakenet.org 372 starscream :- ...      o No spamming and/or advertising.                            ... from irc.quakenet.org:6667.
2016-03-07 10:36:18,030: received: :port80c.se.quakenet.org 372 starscream :- ...      o No hacking (including Virus/Trojan distribution).          ... from irc.quakenet.org:6667.
2016-03-07 10:36:18,030: received: :port80c.se.quakenet.org 372 starscream :- ...      o No actions we, the operators, regard as abuse.             ... from irc.quakenet.org:6667.
2016-03-07 10:36:18,030: received: :port80c.se.quakenet.org 372 starscream :- ...                                                                   ... from irc.quakenet.org:6667.
2016-03-07 10:36:18,030: received: :port80c.se.quakenet.org 372 starscream :- ...           For more details of the network's terms of service      ... from irc.quakenet.org:6667.
2016-03-07 10:36:18,030: received: :port80c.se.quakenet.org 372 starscream :- ...                  please visit the website below:                  ... from irc.quakenet.org:6667.
2016-03-07 10:36:18,030: received: :port80c.se.quakenet.org 372 starscream :- ...                   http://www.quakenet.org/rules/                  ... from irc.quakenet.org:6667.
2016-03-07 10:36:18,030: received: :port80c.se.quakenet.org 372 starscream :- ...                                                                   ... from irc.quakenet.org:6667.
2016-03-07 10:36:18,030: received: :port80c.se.quakenet.org 372 starscream :- ...       Violation of the network's rules will result in kills       ... from irc.quakenet.org:6667.
2016-03-07 10:36:18,030: received: :port80c.se.quakenet.org 372 starscream :- ...              and possible network-wide access bans.               ... from irc.quakenet.org:6667.
2016-03-07 10:36:18,030: received: :port80c.se.quakenet.org 372 starscream :- ...                                                                   ... from irc.quakenet.org:6667.
2016-03-07 10:36:18,030: received: :port80c.se.quakenet.org 372 starscream :- ...      o Server Admins:                                             ... from irc.quakenet.org:6667.
2016-03-07 10:36:18,031: received: :port80c.se.quakenet.org 372 starscream :- ...                     _nalle              stevoo                    ... from irc.quakenet.org:6667.
2016-03-07 10:36:18,031: received: :port80c.se.quakenet.org 372 starscream :- ...             (E-mail: append @quakenet.org to above.)              ... from irc.quakenet.org:6667.
2016-03-07 10:36:18,031: received: :port80c.se.quakenet.org 372 starscream :- ...                                                                   ... from irc.quakenet.org:6667.
2016-03-07 10:36:18,031: received: :port80c.se.quakenet.org 372 starscream :- ...      Many common problems are explained on the website below:     ... from irc.quakenet.org:6667.
2016-03-07 10:36:18,031: received: :port80c.se.quakenet.org 372 starscream :- ...                    http://www.quakenet.org/faq/                   ... from irc.quakenet.org:6667.
2016-03-07 10:36:18,031: received: :port80c.se.quakenet.org 372 starscream :- ...     If you have a general enquiry not answered by this website    ... from irc.quakenet.org:6667.
2016-03-07 10:36:18,031: received: :port80c.se.quakenet.org 372 starscream :- ...     please visit #help. If you *require* an IRC operator please   ... from irc.quakenet.org:6667.
2016-03-07 10:36:18,031: received: :port80c.se.quakenet.org 372 starscream :- ...      visit #feds.                                                 ... from irc.quakenet.org:6667.
2016-03-07 10:36:18,031: received: :port80c.se.quakenet.org 372 starscream :- ...                                                                   ... from irc.quakenet.org:6667.
2016-03-07 10:36:18,031: received: :port80c.se.quakenet.org 372 starscream :- ...   The use of this server & network is a privilege, not a right.   ... from irc.quakenet.org:6667.
2016-03-07 10:36:18,031: received: :port80c.se.quakenet.org 372 starscream :- ...      The network operators may deny network access to anyone,     ... from irc.quakenet.org:6667.
2016-03-07 10:36:18,031: received: :port80c.se.quakenet.org 372 starscream :- ...              for any reason, at their sole discretion.            ... from irc.quakenet.org:6667.
2016-03-07 10:36:18,031: received: :port80c.se.quakenet.org 372 starscream :- ...                                                                   ... from irc.quakenet.org:6667.
2016-03-07 10:36:18,032: received: :port80c.se.quakenet.org 372 starscream :- ... IRC is a free media, therefore the operators of this network take ... from irc.quakenet.org:6667.
2016-03-07 10:36:18,032: received: :port80c.se.quakenet.org 372 starscream :- ...    no responsibility whatsoever for the opinions expressed or from irc.quakenet.org:6667.
2016-03-07 10:36:18,076: received:    ... from irc.quakenet.org:6667.
2016-03-07 10:36:18,076: received: :port80c.se.quakenet.org 372 starscream :- ...   the actions taken by users. Absolutely no warranty is either    ... from irc.quakenet.org:6667.
2016-03-07 10:36:18,136: received: :port80c.se.quakenet.org 372 starscream :- ...                      expressed or implied.                        ... from irc.quakenet.org:6667.
2016-03-07 10:36:18,136: received: :port80c.se.quakenet.org 372 starscream :- ...                                                                   ... from irc.quakenet.org:6667.
2016-03-07 10:36:18,136: received: :port80c.se.quakenet.org 372 starscream :- ......................................................................... from irc.quakenet.org:6667.
2016-03-07 10:36:18,136: received: :port80c.se.quakenet.org 376 starscream :End of /MOTD command. from irc.quakenet.org:6667.
2016-03-07 10:36:18,136: received: :port80c.se.quakenet.org NOTICE starscream :on 3 ca 1(4) ft 20(20) from irc.quakenet.org:6667.
2016-03-07 10:36:18,137: received: :port80c.se.quakenet.org 221 starscream +ix from irc.quakenet.org:6667.
2016-03-07 10:36:18,137: received: :starscream!~microirc@85-76-148-162-nat.elisa-mobile.fi MODE starscream +ix from irc.quakenet.org:6667.
2016-03-07 10:36:18,793: net_auth() is not implemented.
2016-03-07 10:36:18,793: net_notice() is not implemented.
2016-03-07 10:36:18,793: net_message() is not implemented.
2016-03-07 10:36:18,794: net_notice() is not implemented.
2016-03-07 10:36:18,794: net_mode() is not implemented.
2016-03-07 10:36:47,237: usr_join("#microirc") evaluated.
2016-03-07 10:36:47,294: received: :starscream!~microirc@85-76-148-162-nat.elisa-mobile.fi JOIN #microirc from irc.quakenet.org:6667.
2016-03-07 10:36:47,294: received: :port80c.se.quakenet.org 353 starscream = #microirc :starscream @starscream-z from irc.quakenet.org:6667.
2016-03-07 10:36:47,294: received: :port80c.se.quakenet.org 366 starscream #microirc :End of /NAMES list. from irc.quakenet.org:6667.
2016-03-07 10:36:47,912: net_join() is not implemented.
2016-03-07 10:37:36,395: received: :starscream-z!~edo@85-76-148-162-nat.elisa-mobile.fi PRIVMSG #microirc :Hello, World from irc.quakenet.org:6667.
2016-03-07 10:37:36,975: net_privmsg(self, irc.quakenet.org, [u':starscream-z!~edo@85-76-148-162-nat.elisa-mobile.fi', u'PRIVMSG', u'#microirc', u':Hello,', u'World']) evaluated.
2016-03-07 10:41:22,333: usr_join("#jklnyymit") evaluated.
2016-03-07 10:41:22,443: Traceback (most recent call last):
  File "/home/edward/Projects/microirc-0.1.1r34/network.py", line 40, in loop
    data = self.sock.recv(8192).decode()
UnicodeDecodeError: 'ascii' codec can't decode byte 0xc3 in position 236: ordinal not in range(128)

2016-03-07 10:42:21,461: Traceback (most recent call last):
  File "microirc.py", line 155, in command
    eval('self.usr_%s(argument)' % (i[0]))
  File "<string>", line 1, in <module>
AttributeError: microirc instance has no attribute 'usr_quit'

2016-03-07 10:42:24,357: Traceback (most recent call last):
  File "microirc.py", line 155, in command
    eval('self.usr_%s(argument)' % (i[0]))
  File "<string>", line 1, in <module>
AttributeError: microirc instance has no attribute 'usr_quit'

2016-03-07 10:42:27,949: Traceback (most recent call last):
  File "microirc.py", line 155, in command
    eval('self.usr_%s(argument)' % (i[0]))
  File "<string>", line 1, in <module>
AttributeError: microirc instance has no attribute 'usr_quit'

2016-03-07 10:42:31,037: Traceback (most recent call last):
  File "microirc.py", line 155, in command
    eval('self.usr_%s(argument)' % (i[0]))
  File "<string>", line 1, in <module>
AttributeError: microirc instance has no attribute 'usr_quit'

2016-03-07 10:42:34,150: Traceback (most recent call last):
  File "microirc.py", line 155, in command
    eval('self.usr_%s(argument)' % (i[0]))
  File "<string>", line 1, in <module>
  File "microirc.py", line 262, in usr_disconnect
    self.remove_network(pad[0])
AttributeError: microirc instance has no attribute 'remove_network'

2016-03-07 11:00:35,252: Traceback (most recent call last):
  File "microirc.py", line 155, in command
    else:
  File "<string>", line 1, in <module>
AttributeError: microirc instance has no attribute 'usr_quit'

